<?xml version="1.0" encoding="UTF-8"?>
<testng-results skipped="0" failed="0" total="3" passed="3">
  <reporter-output>
  </reporter-output>
  <suite name="TestNgparSuite" duration-ms="92827" started-at="2016-01-12T17:44:25Z" finished-at="2016-01-12T17:45:58Z">
    <groups>
    </groups>
    <test name="CrossBrowserTesting" duration-ms="92827" started-at="2016-01-12T17:44:25Z" finished-at="2016-01-12T17:45:58Z">
      <class name="TestNgExamples.Ex3">
        <test-method status="PASS" signature="setUp()[pri:0, instance:TestNgExamples.Ex3@729405ca]" name="setUp" is-config="true" duration-ms="8977" started-at="2016-01-12T09:44:25Z" finished-at="2016-01-12T09:44:34Z">
          <reporter-output>
          </reporter-output>
        </test-method> <!-- setUp -->
        <test-method status="PASS" signature="test()[pri:0, instance:TestNgExamples.Ex3@729405ca]" name="test" duration-ms="83771" started-at="2016-01-12T09:44:34Z" finished-at="2016-01-12T09:45:58Z">
          <reporter-output>
          </reporter-output>
        </test-method> <!-- test -->
        <test-method status="PASS" signature="tearDown()[pri:0, instance:TestNgExamples.Ex3@729405ca]" name="tearDown" is-config="true" duration-ms="21" started-at="2016-01-12T09:45:58Z" finished-at="2016-01-12T09:45:58Z">
          <reporter-output>
          </reporter-output>
        </test-method> <!-- tearDown -->
      </class> <!-- TestNgExamples.Ex3 -->
      <class name="TestNgExamples.Ex2">
        <test-method status="PASS" signature="setUp()[pri:0, instance:TestNgExamples.Ex2@54084b8a]" name="setUp" is-config="true" duration-ms="10002" started-at="2016-01-12T09:44:25Z" finished-at="2016-01-12T09:44:35Z">
          <reporter-output>
          </reporter-output>
        </test-method> <!-- setUp -->
        <test-method status="PASS" signature="test()[pri:0, instance:TestNgExamples.Ex2@54084b8a]" name="test" duration-ms="11158" started-at="2016-01-12T09:44:35Z" finished-at="2016-01-12T09:44:46Z">
          <reporter-output>
          </reporter-output>
        </test-method> <!-- test -->
        <test-method status="PASS" signature="tearDown()[pri:0, instance:TestNgExamples.Ex2@54084b8a]" name="tearDown" is-config="true" duration-ms="1403" started-at="2016-01-12T09:44:46Z" finished-at="2016-01-12T09:44:48Z">
          <reporter-output>
          </reporter-output>
        </test-method> <!-- tearDown -->
      </class> <!-- TestNgExamples.Ex2 -->
      <class name="TestNgExamples.Ex1">
        <test-method status="PASS" signature="setUp()[pri:0, instance:TestNgExamples.Ex1@1df0d7b8]" name="setUp" is-config="true" duration-ms="18168" started-at="2016-01-12T09:44:25Z" finished-at="2016-01-12T09:44:43Z">
          <reporter-output>
          </reporter-output>
        </test-method> <!-- setUp -->
        <test-method status="PASS" signature="test()[pri:0, instance:TestNgExamples.Ex1@1df0d7b8]" name="test" duration-ms="9154" started-at="2016-01-12T09:44:43Z" finished-at="2016-01-12T09:44:53Z">
          <reporter-output>
          </reporter-output>
        </test-method> <!-- test -->
        <test-method status="PASS" signature="tearDown()[pri:0, instance:TestNgExamples.Ex1@1df0d7b8]" name="tearDown" is-config="true" duration-ms="18" started-at="2016-01-12T09:44:53Z" finished-at="2016-01-12T09:44:53Z">
          <reporter-output>
          </reporter-output>
        </test-method> <!-- tearDown -->
      </class> <!-- TestNgExamples.Ex1 -->
    </test> <!-- CrossBrowserTesting -->
  </suite> <!-- TestNgparSuite -->
</testng-results>
